Arguments: 
  /usr/local/bin/node /usr/local/bin/yarn add cos-nodejs-sdk-v5 --dev

PATH: 
  /usr/local/bin:/usr/bin:/bin:/usr/sbin:/sbin:/Users/hebei/Library/Android/sdk/tools:/Users/hebei/Library/Android/sdk/tools/bin:/Users/hebei/Library/Android/sdk/platform-tools:/Users/hebei/Library/Android/sdk/emulator

Yarn version: 
  1.12.1

Node version: 
  10.13.0

Platform: 
  darwin x64

Trace: 
  Error: ENOENT: no such file or directory, copyfile '/Users/hebei/Library/Caches/Yarn/v3/npm-ms-2.1.1-30a5864eb3ebb0a66f2ebe6d727af06a09d86e0a/node_modules/ms/index.js' -> '/Users/hebei/Desktop/vue-public/vue_ssr/node_modules/koa-session/node_modules/ms/index.js'

npm manifest: 
  {
    "name": "vue_ssr",
    "version": "1.0.0",
    "description": "",
    "main": "index.js",
    "scripts": {
      "upload": "node build/upload.js",
      "build:server": "cross-env NODE_ENV=production webpack --config build/webpack.config.client.js",
      "build:client": "cross-env NODE_ENV=production webpack --config build/webpack.config.server.js",
      "build": "npm run clean && npm run build:client && npm run build:server && npm run upload",
      "clean": "rimraf public && rimraf server-build",
      "msg1": "----------------------------  本地服务启动 server 为服务端， client为客户端  ----------------------------------",
      "dev:client": "cross-env NODE_ENV=development webpack-dev-server --config build/webpack.config.client.js",
      "dev:hisserver": "cross-env NODE_ENV=development node server/server.js",
      "dev:server": "nodemon server/server.js",
      "dev": "concurrently \"npm run dev:client\" \"npm run dev:server\"",
      "start": "cross-env NODE_ENV=production node server/server.js",
      "lint": "eslint --ext .js --ext .jsx --ext .vue client/",
      "lint-fix": "eslint --fix --ext .js --ext .jsx --ext .vue client/",
      "practice": "cross-env NODE_ENV=development webpack-dev-server --config build/webpack.config.practice.js"
    },
    "author": "",
    "license": "ISC",
    "dependencies": {
      "axios": "^0.18.0",
      "ejs": "^2.6.1",
      "koa": "^2.4.1",
      "koa-body": "^4.1.0",
      "koa-router": "^7.4.0",
      "koa-send": "^5.0.0",
      "koa-session": "^5.10.1",
      "sha1": "^1.1.1",
      "vue": "^2.5.13",
      "vue-meta": "^1.5.8",
      "vue-router": "^3.0.1",
      "vue-server-renderer": "^2.5.13",
      "vuex": "^3.0.1"
    },
    "devDependencies": {
      "autoprefixer": "^8.2.0",
      "babel-core": "^6.26.0",
      "babel-eslint": "^8.2.3",
      "babel-helper-vue-jsx-merge-props": "^2.0.3",
      "babel-loader": "^7.1.4",
      "babel-plugin-syntax-dynamic-import": "^6.18.0",
      "babel-plugin-syntax-jsx": "^6.18.0",
      "babel-plugin-transform-vue-jsx": "^3.7.0",
      "babel-preset-env": "^1.6.1",
      "babel-preset-stage-1": "^6.24.1",
      "concurrently": "^4.1.0",
      "cross-env": "^5.1.4",
      "css-loader": "^0.28.11",
      "eslint": "^4.19.1",
      "eslint-config-standard": "^11.0.0",
      "eslint-loader": "^2.0.0",
      "eslint-plugin-html": "^4.0.3",
      "eslint-plugin-import": "^2.11.0",
      "eslint-plugin-node": "^6.0.1",
      "eslint-plugin-promise": "^3.7.0",
      "eslint-plugin-standard": "^3.0.1",
      "extract-text-webpack-plugin": "^3.0.2",
      "file-loader": "^1.1.11",
      "html-webpack-plugin": "^3.2.0",
      "memory-fs": "^0.4.1",
      "nodemon": "^1.18.10",
      "postcss-loader": "^2.1.3",
      "qiniu": "^7.2.1",
      "rimraf": "^2.6.2",
      "style-loader": "^0.20.3",
      "stylus": "^0.54.5",
      "stylus-loader": "^3.0.2",
      "url-loader": "^1.0.1",
      "vue-loader": "^14.2.2",
      "vue-style-loader": "^4.1.0",
      "vue-template-compiler": "^2.5.13",
      "webpack": "^3.10.0",
      "webpack-cli": "^2.0.14",
      "webpack-dev-server": "^2.9.7",
      "webpack-merge": "^4.1.2"
    }
  }

yarn manifest: 
  No manifest

Lockfile: 
  No lockfile
